Started GET "/" for ::1 at 2023-05-03 14:44:20 +0300
Processing by Rails::WelcomeController#index as HTML
  Rendering /home/oem/.rvm/gems/ruby-3.2.2/gems/railties-7.0.4.3/lib/rails/templates/rails/welcome/index.html.erb
  Rendered /home/oem/.rvm/gems/ruby-3.2.2/gems/railties-7.0.4.3/lib/rails/templates/rails/welcome/index.html.erb (Duration: 2.5ms | Allocations: 633)
Completed 200 OK in 19ms (Views: 9.7ms | ActiveRecord: 0.0ms | Allocations: 5337)


  [1m[35m (110.2ms)[0m  [1m[35mCREATE TABLE "schema_migrations" ("version" varchar NOT NULL PRIMARY KEY)[0m
  [1m[35m (132.1ms)[0m  [1m[35mCREATE TABLE "ar_internal_metadata" ("key" varchar NOT NULL PRIMARY KEY, "value" varchar, "created_at" datetime(6) NOT NULL, "updated_at" datetime(6) NOT NULL)[0m
  [1m[36mActiveRecord::SchemaMigration Pluck (0.2ms)[0m  [1m[34mSELECT "schema_migrations"."version" FROM "schema_migrations" ORDER BY "schema_migrations"."version" ASC[0m
Migrating to CreatePlants (20230503120010)
  [1m[36mTRANSACTION (0.1ms)[0m  [1m[36mbegin transaction[0m
  [1m[35m (0.3ms)[0m  [1m[35mCREATE TABLE "plants" ("id" integer PRIMARY KEY AUTOINCREMENT NOT NULL, "name" varchar, "price" integer, "created_at" datetime(6) NOT NULL, "updated_at" datetime(6) NOT NULL)[0m
  [1m[36mActiveRecord::SchemaMigration Create (0.3ms)[0m  [1m[32mINSERT INTO "schema_migrations" ("version") VALUES (?)[0m  [["version", "20230503120010"]]
  [1m[36mTRANSACTION (134.7ms)[0m  [1m[36mcommit transaction[0m
  [1m[36mActiveRecord::InternalMetadata Load (0.2ms)[0m  [1m[34mSELECT "ar_internal_metadata".* FROM "ar_internal_metadata" WHERE "ar_internal_metadata"."key" = ? LIMIT ?[0m  [["key", "environment"], ["LIMIT", 1]]
  [1m[36mTRANSACTION (0.1ms)[0m  [1m[36mbegin transaction[0m
  [1m[36mActiveRecord::InternalMetadata Create (0.3ms)[0m  [1m[32mINSERT INTO "ar_internal_metadata" ("key", "value", "created_at", "updated_at") VALUES (?, ?, ?, ?)[0m  [["key", "environment"], ["value", "development"], ["created_at", "2023-05-03 12:00:37.020604"], ["updated_at", "2023-05-03 12:00:37.020604"]]
  [1m[36mTRANSACTION (108.4ms)[0m  [1m[36mcommit transaction[0m
  [1m[36mActiveRecord::SchemaMigration Pluck (0.2ms)[0m  [1m[34mSELECT "schema_migrations"."version" FROM "schema_migrations" ORDER BY "schema_migrations"."version" ASC[0m
Started GET "/" for ::1 at 2023-05-03 15:04:56 +0300
  [1m[36mActiveRecord::SchemaMigration Pluck (0.1ms)[0m  [1m[34mSELECT "schema_migrations"."version" FROM "schema_migrations" ORDER BY "schema_migrations"."version" ASC[0m
Processing by Rails::WelcomeController#index as HTML
  Rendering /home/oem/.rvm/gems/ruby-3.2.2/gems/railties-7.0.4.3/lib/rails/templates/rails/welcome/index.html.erb
  Rendered /home/oem/.rvm/gems/ruby-3.2.2/gems/railties-7.0.4.3/lib/rails/templates/rails/welcome/index.html.erb (Duration: 1.5ms | Allocations: 489)
Completed 200 OK in 11ms (Views: 4.2ms | ActiveRecord: 0.0ms | Allocations: 3469)


Started GET "/plants" for ::1 at 2023-05-03 15:05:10 +0300
Processing by PlantsController#index as HTML
  Rendering layout layouts/application.html.erb
  Rendering plants/index.html.erb within layouts/application
  [1m[36mPlant Load (0.2ms)[0m  [1m[34mSELECT "plants".* FROM "plants"[0m
  ↳ app/views/plants/index.html.erb:6
  Rendered plants/index.html.erb within layouts/application (Duration: 7.6ms | Allocations: 1273)
  Rendered layout layouts/application.html.erb (Duration: 421.3ms | Allocations: 114054)
Completed 200 OK in 426ms (Views: 422.9ms | ActiveRecord: 0.2ms | Allocations: 115758)


Started GET "/plants/new" for ::1 at 2023-05-03 15:07:42 +0300
Processing by PlantsController#new as HTML
  Rendering layout layouts/application.html.erb
  Rendering plants/new.html.erb within layouts/application
  Rendered plants/_form.html.erb (Duration: 14.9ms | Allocations: 4790)
  Rendered plants/new.html.erb within layouts/application (Duration: 16.1ms | Allocations: 5115)
  Rendered layout layouts/application.html.erb (Duration: 32.9ms | Allocations: 7935)
Completed 200 OK in 55ms (Views: 33.6ms | ActiveRecord: 1.7ms | Allocations: 18483)


Started GET "/plants" for ::1 at 2023-05-03 15:18:44 +0300
Processing by PlantsController#index as HTML
  Rendering layout layouts/application.html.erb
  Rendering plants/index.html.erb within layouts/application
  [1m[36mPlant Load (0.1ms)[0m  [1m[34mSELECT "plants".* FROM "plants"[0m
  ↳ app/views/plants/index.html.erb:6
  Rendered plants/index.html.erb within layouts/application (Duration: 12.0ms | Allocations: 1158)
  Rendered layout layouts/application.html.erb (Duration: 22.6ms | Allocations: 4277)
Completed 200 OK in 32ms (Views: 29.6ms | ActiveRecord: 0.5ms | Allocations: 5060)


Started GET "/plants/new" for ::1 at 2023-05-03 15:18:47 +0300
Processing by PlantsController#new as HTML
  Rendering layout layouts/application.html.erb
  Rendering plants/new.html.erb within layouts/application
  Rendered plants/_form.html.erb (Duration: 2.3ms | Allocations: 1294)
  Rendered plants/new.html.erb within layouts/application (Duration: 4.0ms | Allocations: 1585)
  Rendered layout layouts/application.html.erb (Duration: 8.6ms | Allocations: 4411)
Completed 200 OK in 10ms (Views: 9.2ms | ActiveRecord: 0.0ms | Allocations: 4739)


Started GET "/plants/new" for ::1 at 2023-05-03 15:24:34 +0300
Processing by PlantsController#new as HTML
  Rendering layout layouts/application.html.erb
  Rendering plants/new.html.erb within layouts/application
  Rendered plants/_form.html.erb (Duration: 3.1ms | Allocations: 1302)
  Rendered plants/new.html.erb within layouts/application (Duration: 4.4ms | Allocations: 1609)
  Rendered layout layouts/application.html.erb (Duration: 10.0ms | Allocations: 4702)
Completed 200 OK in 13ms (Views: 12.1ms | Allocations: 5454)


Started GET "/plants/new" for ::1 at 2023-05-03 15:30:35 +0300
Processing by PlantsController#new as HTML
  Rendering layout layouts/application.html.erb
  Rendering plants/new.html.erb within layouts/application
  Rendered plants/_form.html.erb (Duration: 3.3ms | Allocations: 1305)
  Rendered plants/new.html.erb within layouts/application (Duration: 4.8ms | Allocations: 1614)
  Rendered layout layouts/application.html.erb (Duration: 9.8ms | Allocations: 4706)
Completed 200 OK in 13ms (Views: 11.8ms | Allocations: 5459)


Started GET "/plants/new" for ::1 at 2023-05-03 15:31:39 +0300
Processing by PlantsController#new as HTML
  Rendering layout layouts/application.html.erb
  Rendering plants/new.html.erb within layouts/application
  Rendered plants/_form.html.erb (Duration: 2.6ms | Allocations: 1311)
  Rendered plants/new.html.erb within layouts/application (Duration: 3.7ms | Allocations: 1562)
  Rendered layout layouts/application.html.erb (Duration: 9.6ms | Allocations: 4654)
Completed 200 OK in 13ms (Views: 11.9ms | Allocations: 5407)


Started GET "/plants/new" for ::1 at 2023-05-03 15:33:53 +0300
Processing by PlantsController#new as HTML
  Rendering layout layouts/application.html.erb
  Rendering plants/new.html.erb within layouts/application
  Rendered plants/_form.html.erb (Duration: 4.1ms | Allocations: 1378)
  Rendered plants/new.html.erb within layouts/application (Duration: 5.5ms | Allocations: 1628)
  Rendered layout layouts/application.html.erb (Duration: 11.0ms | Allocations: 4720)
Completed 200 OK in 14ms (Views: 12.8ms | Allocations: 5473)


Started GET "/plants/new" for ::1 at 2023-05-03 15:34:36 +0300
Processing by PlantsController#new as HTML
  Rendering layout layouts/application.html.erb
  Rendering plants/new.html.erb within layouts/application
  Rendered plants/_form.html.erb (Duration: 11.6ms | Allocations: 10822)
  Rendered plants/new.html.erb within layouts/application (Duration: 12.7ms | Allocations: 11074)
  Rendered layout layouts/application.html.erb (Duration: 13.0ms | Allocations: 11164)
Completed 500 Internal Server Error in 16ms (Allocations: 11924)


  
ActionView::SyntaxErrorInTemplate (Encountered a syntax error while rendering template: check <%= form_with(model: plant) do |form| %>
  <% if plant.errors.any? %>
    <div style="color: red">
      <h2><%= pluralize(plant.errors.count, "error") %> prohibited this plant from being saved:</h2>

      <ul>
        <% plant.errors.each do |error| %>
          <li><%= error.full_message %></li>
        <% end %>
      </ul>
    </div>
  <% end %>

  <div>
    <%= form.label :name, style: "display: block" %>
    <%= form.text_field :name %>
  </div>

  <div>
    <%= form.label :price, style: "display: block" %>
    <%= form.number_field :price %>
  </div>

  <div>
    <%= form.submit, class: "btn-primary" %>
    <%= link_to "Back to plants", plants_path, class: "btn btn-outline-primary" %>

  </div>
<% end %>

):
1:    <%= form_with(model: plant) do |form| %>
2:      <% if plant.errors.any? %>
3:        <div style="color: red">
4:          <h2><%= pluralize(plant.errors.count, "error") %> prohibited this plant from being saved:</h2>
5:    
6:          <ul>
7:            <% plant.errors.each do |error| %>
8:              <li><%= error.full_message %></li>
9:            <% end %>
10:          </ul>
11:        </div>
12:      <% end %>
13:    
14:      <div>
15:        <%= form.label :name, style: "display: block" %>
16:        <%= form.text_field :name %>
17:      </div>
18:    
19:      <div>
20:        <%= form.label :price, style: "display: block" %>
21:        <%= form.number_field :price %>
22:      </div>
23:    
24:      <div>
25:        <%= form.submit, class: "btn-primary" %>
26:        <%= link_to "Back to plants", plants_path, class: "btn btn-outline-primary" %>
27:    
28:      </div>
29:    <% end %>
  
app/views/plants/_form.html.erb:25: syntax error, unexpected label, expecting '='
app/views/plants/_form.html.erb:25: syntax error, unexpected label, expecting '='
app/views/plants/_form.html.erb:25: syntax error, unexpected label, expecting '='
app/views/plants/_form.html.erb:25: syntax error, unexpected label, expecting '='
app/views/plants/_form.html.erb:25: syntax error, unexpected label, expecting '='
app/views/plants/_form.html.erb:25: syntax error, unexpected label, expecting '='
app/views/plants/new.html.erb:7
Started GET "/plants/new" for ::1 at 2023-05-03 15:34:54 +0300
Processing by PlantsController#new as HTML
  Rendering layout layouts/application.html.erb
  Rendering plants/new.html.erb within layouts/application
  Rendered plants/_form.html.erb (Duration: 0.9ms | Allocations: 1443)
  Rendered plants/new.html.erb within layouts/application (Duration: 1.8ms | Allocations: 1695)
  Rendered layout layouts/application.html.erb (Duration: 2.1ms | Allocations: 1784)
Completed 500 Internal Server Error in 5ms (Allocations: 2514)


  
ActionView::SyntaxErrorInTemplate (Encountered a syntax error while rendering template: check <%= form_with(model: plant) do |form| %>
  <% if plant.errors.any? %>
    <div style="color: red">
      <h2><%= pluralize(plant.errors.count, "error") %> prohibited this plant from being saved:</h2>

      <ul>
        <% plant.errors.each do |error| %>
          <li><%= error.full_message %></li>
        <% end %>
      </ul>
    </div>
  <% end %>

  <div>
    <%= form.label :name, style: "display: block" %>
    <%= form.text_field :name %>
  </div>

  <div>
    <%= form.label :price, style: "display: block" %>
    <%= form.number_field :price %>
  </div>

  <div>
    <%= form.submit, class: "btn btn-primary" %>
    <%= link_to "Back to plants", plants_path, class: "btn btn-outline-primary" %>

  </div>
<% end %>

):
1:    <%= form_with(model: plant) do |form| %>
2:      <% if plant.errors.any? %>
3:        <div style="color: red">
4:          <h2><%= pluralize(plant.errors.count, "error") %> prohibited this plant from being saved:</h2>
5:    
6:          <ul>
7:            <% plant.errors.each do |error| %>
8:              <li><%= error.full_message %></li>
9:            <% end %>
10:          </ul>
11:        </div>
12:      <% end %>
13:    
14:      <div>
15:        <%= form.label :name, style: "display: block" %>
16:        <%= form.text_field :name %>
17:      </div>
18:    
19:      <div>
20:        <%= form.label :price, style: "display: block" %>
21:        <%= form.number_field :price %>
22:      </div>
23:    
24:      <div>
25:        <%= form.submit, class: "btn btn-primary" %>
26:        <%= link_to "Back to plants", plants_path, class: "btn btn-outline-primary" %>
27:    
28:      </div>
29:    <% end %>
  
app/views/plants/_form.html.erb:25: syntax error, unexpected label, expecting '='
app/views/plants/_form.html.erb:25: syntax error, unexpected label, expecting '='
app/views/plants/_form.html.erb:25: syntax error, unexpected label, expecting '='
app/views/plants/_form.html.erb:25: syntax error, unexpected label, expecting '='
app/views/plants/_form.html.erb:25: syntax error, unexpected label, expecting '='
app/views/plants/_form.html.erb:25: syntax error, unexpected label, expecting '='
app/views/plants/new.html.erb:7
Started GET "/plants/new" for ::1 at 2023-05-03 15:35:31 +0300
Processing by PlantsController#new as HTML
  Rendering layout layouts/application.html.erb
  Rendering plants/new.html.erb within layouts/application
  Rendered plants/_form.html.erb (Duration: 3.7ms | Allocations: 1396)
  Rendered plants/new.html.erb within layouts/application (Duration: 4.8ms | Allocations: 1646)
  Rendered layout layouts/application.html.erb (Duration: 9.8ms | Allocations: 4763)
Completed 200 OK in 14ms (Views: 12.6ms | Allocations: 5516)


Started GET "/plants/new" for ::1 at 2023-05-03 15:37:38 +0300
Processing by PlantsController#new as HTML
  Rendering layout layouts/application.html.erb
  Rendering plants/new.html.erb within layouts/application
  Rendered plants/_form.html.erb (Duration: 2.9ms | Allocations: 1442)
  Rendered plants/new.html.erb within layouts/application (Duration: 4.0ms | Allocations: 1692)
  Rendered layout layouts/application.html.erb (Duration: 10.8ms | Allocations: 4784)
Completed 200 OK in 13ms (Views: 12.5ms | Allocations: 5536)


Started GET "/plants/new" for ::1 at 2023-05-03 15:39:48 +0300
Processing by PlantsController#new as HTML
  Rendering layout layouts/application.html.erb
  Rendering plants/new.html.erb within layouts/application
  Rendered plants/_form.html.erb (Duration: 2.6ms | Allocations: 1444)
  Rendered plants/new.html.erb within layouts/application (Duration: 3.8ms | Allocations: 1694)
  Rendered layout layouts/application.html.erb (Duration: 8.8ms | Allocations: 4786)
Completed 200 OK in 12ms (Views: 10.7ms | Allocations: 5538)


Started GET "/plants/new" for ::1 at 2023-05-03 15:41:31 +0300
Processing by PlantsController#new as HTML
  Rendering layout layouts/application.html.erb
  Rendering plants/new.html.erb within layouts/application
  Rendered plants/_form.html.erb (Duration: 3.0ms | Allocations: 1425)
  Rendered plants/new.html.erb within layouts/application (Duration: 4.4ms | Allocations: 1675)
  Rendered layout layouts/application.html.erb (Duration: 11.1ms | Allocations: 4767)
Completed 200 OK in 15ms (Views: 13.8ms | Allocations: 5519)


Started POST "/plants" for ::1 at 2023-05-03 15:43:27 +0300
Processing by PlantsController#create as HTML
  Parameters: {"authenticity_token"=>"[FILTERED]", "plant"=>{"name"=>"carrot plant", "price"=>"50"}, "commit"=>"Create Plant"}
  [1m[36mTRANSACTION (0.1ms)[0m  [1m[36mbegin transaction[0m
  ↳ app/controllers/plants_controller.rb:27:in `block in create'
  [1m[36mPlant Create (0.5ms)[0m  [1m[32mINSERT INTO "plants" ("name", "price", "created_at", "updated_at") VALUES (?, ?, ?, ?)[0m  [["name", "carrot plant"], ["price", 50], ["created_at", "2023-05-03 12:43:27.344519"], ["updated_at", "2023-05-03 12:43:27.344519"]]
  ↳ app/controllers/plants_controller.rb:27:in `block in create'
  [1m[36mTRANSACTION (219.2ms)[0m  [1m[36mcommit transaction[0m
  ↳ app/controllers/plants_controller.rb:27:in `block in create'
Redirected to http://localhost:3000/plants/1
Completed 302 Found in 233ms (ActiveRecord: 220.3ms | Allocations: 3963)


Started POST "/plants" for ::1 at 2023-05-03 15:43:27 +0300
Processing by PlantsController#create as HTML
  Parameters: {"authenticity_token"=>"[FILTERED]", "plant"=>{"name"=>"carrot plant", "price"=>"50"}, "commit"=>"Create Plant"}
  [1m[36mTRANSACTION (0.1ms)[0m  [1m[36mbegin transaction[0m
  ↳ app/controllers/plants_controller.rb:27:in `block in create'
  [1m[36mPlant Create (0.2ms)[0m  [1m[32mINSERT INTO "plants" ("name", "price", "created_at", "updated_at") VALUES (?, ?, ?, ?)[0m  [["name", "carrot plant"], ["price", 50], ["created_at", "2023-05-03 12:43:27.585496"], ["updated_at", "2023-05-03 12:43:27.585496"]]
  ↳ app/controllers/plants_controller.rb:27:in `block in create'
  [1m[36mTRANSACTION (171.7ms)[0m  [1m[36mcommit transaction[0m
  ↳ app/controllers/plants_controller.rb:27:in `block in create'
Redirected to http://localhost:3000/plants/2
Completed 302 Found in 178ms (ActiveRecord: 172.0ms | Allocations: 2250)


Started GET "/plants/2" for ::1 at 2023-05-03 15:43:27 +0300
Processing by PlantsController#show as HTML
  Parameters: {"id"=>"2"}
  [1m[36mPlant Load (0.2ms)[0m  [1m[34mSELECT "plants".* FROM "plants" WHERE "plants"."id" = ? LIMIT ?[0m  [["id", 2], ["LIMIT", 1]]
  ↳ app/controllers/plants_controller.rb:63:in `set_plant'
  Rendering layout layouts/application.html.erb
  Rendering plants/show.html.erb within layouts/application
  Rendered plants/_plant.html.erb (Duration: 1.0ms | Allocations: 196)
  Rendered plants/show.html.erb within layouts/application (Duration: 5.0ms | Allocations: 1365)
  Rendered layout layouts/application.html.erb (Duration: 10.8ms | Allocations: 4473)
Completed 200 OK in 24ms (Views: 13.4ms | ActiveRecord: 0.2ms | Allocations: 7465)


Started GET "/plants/2/edit" for ::1 at 2023-05-03 15:43:40 +0300
Processing by PlantsController#edit as HTML
  Parameters: {"id"=>"2"}
  [1m[36mPlant Load (0.1ms)[0m  [1m[34mSELECT "plants".* FROM "plants" WHERE "plants"."id" = ? LIMIT ?[0m  [["id", 2], ["LIMIT", 1]]
  ↳ app/controllers/plants_controller.rb:63:in `set_plant'
  Rendering layout layouts/application.html.erb
  Rendering plants/edit.html.erb within layouts/application
  Rendered plants/_form.html.erb (Duration: 2.8ms | Allocations: 1524)
  Rendered plants/edit.html.erb within layouts/application (Duration: 4.2ms | Allocations: 1771)
  Rendered layout layouts/application.html.erb (Duration: 8.7ms | Allocations: 4604)
Completed 200 OK in 12ms (Views: 9.5ms | ActiveRecord: 0.1ms | Allocations: 5400)


Started GET "/plants" for ::1 at 2023-05-03 15:43:53 +0300
Processing by PlantsController#index as HTML
  Rendering layout layouts/application.html.erb
  Rendering plants/index.html.erb within layouts/application
  [1m[36mPlant Load (0.4ms)[0m  [1m[34mSELECT "plants".* FROM "plants"[0m
  ↳ app/views/plants/index.html.erb:6
  Rendered plants/_plant.html.erb (Duration: 0.1ms | Allocations: 19)
  Rendered plants/_plant.html.erb (Duration: 0.1ms | Allocations: 18)
  Rendered plants/index.html.erb within layouts/application (Duration: 4.3ms | Allocations: 1265)
  Rendered layout layouts/application.html.erb (Duration: 8.5ms | Allocations: 4084)
Completed 200 OK in 10ms (Views: 8.8ms | ActiveRecord: 0.4ms | Allocations: 4433)


Started GET "/plants/2" for ::1 at 2023-05-03 15:44:10 +0300
Processing by PlantsController#show as HTML
  Parameters: {"id"=>"2"}
  [1m[36mPlant Load (0.2ms)[0m  [1m[34mSELECT "plants".* FROM "plants" WHERE "plants"."id" = ? LIMIT ?[0m  [["id", 2], ["LIMIT", 1]]
  ↳ app/controllers/plants_controller.rb:63:in `set_plant'
  Rendering layout layouts/application.html.erb
  Rendering plants/show.html.erb within layouts/application
  Rendered plants/_plant.html.erb (Duration: 0.1ms | Allocations: 19)
  Rendered plants/show.html.erb within layouts/application (Duration: 1.6ms | Allocations: 557)
  Rendered layout layouts/application.html.erb (Duration: 5.6ms | Allocations: 3367)
Completed 200 OK in 10ms (Views: 6.2ms | ActiveRecord: 0.2ms | Allocations: 4106)


Started DELETE "/plants/2" for ::1 at 2023-05-03 15:44:12 +0300
Processing by PlantsController#destroy as HTML
  Parameters: {"authenticity_token"=>"[FILTERED]", "id"=>"2"}
  [1m[36mPlant Load (0.1ms)[0m  [1m[34mSELECT "plants".* FROM "plants" WHERE "plants"."id" = ? LIMIT ?[0m  [["id", 2], ["LIMIT", 1]]
  ↳ app/controllers/plants_controller.rb:63:in `set_plant'
  [1m[36mTRANSACTION (0.1ms)[0m  [1m[36mbegin transaction[0m
  ↳ app/controllers/plants_controller.rb:52:in `destroy'
  [1m[36mPlant Destroy (0.2ms)[0m  [1m[31mDELETE FROM "plants" WHERE "plants"."id" = ?[0m  [["id", 2]]
  ↳ app/controllers/plants_controller.rb:52:in `destroy'
  [1m[36mTRANSACTION (113.4ms)[0m  [1m[36mcommit transaction[0m
  ↳ app/controllers/plants_controller.rb:52:in `destroy'
Redirected to http://localhost:3000/plants
Completed 302 Found in 121ms (ActiveRecord: 113.8ms | Allocations: 2481)


Started GET "/plants" for ::1 at 2023-05-03 15:44:12 +0300
Processing by PlantsController#index as HTML
  Rendering layout layouts/application.html.erb
  Rendering plants/index.html.erb within layouts/application
  [1m[36mPlant Load (0.2ms)[0m  [1m[34mSELECT "plants".* FROM "plants"[0m
  ↳ app/views/plants/index.html.erb:6
  Rendered plants/_plant.html.erb (Duration: 0.1ms | Allocations: 19)
  Rendered plants/index.html.erb within layouts/application (Duration: 2.3ms | Allocations: 938)
  Rendered layout layouts/application.html.erb (Duration: 7.4ms | Allocations: 3756)
Completed 200 OK in 9ms (Views: 7.8ms | ActiveRecord: 0.2ms | Allocations: 4025)


Started GET "/plants" for ::1 at 2023-05-03 15:44:16 +0300
Processing by PlantsController#index as HTML
  Rendering layout layouts/application.html.erb
  Rendering plants/index.html.erb within layouts/application
  [1m[36mPlant Load (0.2ms)[0m  [1m[34mSELECT "plants".* FROM "plants"[0m
  ↳ app/views/plants/index.html.erb:6
  Rendered plants/_plant.html.erb (Duration: 0.1ms | Allocations: 19)
  Rendered plants/index.html.erb within layouts/application (Duration: 3.7ms | Allocations: 876)
  Rendered layout layouts/application.html.erb (Duration: 9.9ms | Allocations: 3694)
Completed 200 OK in 11ms (Views: 10.4ms | ActiveRecord: 0.2ms | Allocations: 3963)


Started GET "/plants/new" for ::1 at 2023-05-03 15:45:43 +0300
Processing by PlantsController#new as HTML
  Rendering layout layouts/application.html.erb
  Rendering plants/new.html.erb within layouts/application
  Rendered plants/_form.html.erb (Duration: 2.7ms | Allocations: 1005)
  Rendered plants/new.html.erb within layouts/application (Duration: 3.9ms | Allocations: 1193)
  Rendered layout layouts/application.html.erb (Duration: 9.9ms | Allocations: 4011)
Completed 200 OK in 12ms (Views: 10.8ms | ActiveRecord: 0.0ms | Allocations: 4337)


Started POST "/plants" for ::1 at 2023-05-03 15:45:55 +0300
Processing by PlantsController#create as HTML
  Parameters: {"authenticity_token"=>"[FILTERED]", "plant"=>{"name"=>"XYZ", "price"=>"60"}, "commit"=>"Create Plant"}
  [1m[36mTRANSACTION (0.1ms)[0m  [1m[36mbegin transaction[0m
  ↳ app/controllers/plants_controller.rb:27:in `block in create'
  [1m[36mPlant Create (0.6ms)[0m  [1m[32mINSERT INTO "plants" ("name", "price", "created_at", "updated_at") VALUES (?, ?, ?, ?)[0m  [["name", "XYZ"], ["price", 60], ["created_at", "2023-05-03 12:45:55.036982"], ["updated_at", "2023-05-03 12:45:55.036982"]]
  ↳ app/controllers/plants_controller.rb:27:in `block in create'
  [1m[36mTRANSACTION (217.4ms)[0m  [1m[36mcommit transaction[0m
  ↳ app/controllers/plants_controller.rb:27:in `block in create'
Redirected to http://localhost:3000/plants/3
Completed 302 Found in 226ms (ActiveRecord: 218.1ms | Allocations: 2256)


Started GET "/plants/3" for ::1 at 2023-05-03 15:45:55 +0300
Processing by PlantsController#show as HTML
  Parameters: {"id"=>"3"}
  [1m[36mPlant Load (0.2ms)[0m  [1m[34mSELECT "plants".* FROM "plants" WHERE "plants"."id" = ? LIMIT ?[0m  [["id", 3], ["LIMIT", 1]]
  ↳ app/controllers/plants_controller.rb:63:in `set_plant'
  Rendering layout layouts/application.html.erb
  Rendering plants/show.html.erb within layouts/application
  Rendered plants/_plant.html.erb (Duration: 0.1ms | Allocations: 19)
  Rendered plants/show.html.erb within layouts/application (Duration: 1.1ms | Allocations: 586)
  Rendered layout layouts/application.html.erb (Duration: 4.7ms | Allocations: 3396)
Completed 200 OK in 7ms (Views: 5.3ms | ActiveRecord: 0.2ms | Allocations: 4135)


Started GET "/plants" for ::1 at 2023-05-03 15:45:57 +0300
Processing by PlantsController#index as HTML
  Rendering layout layouts/application.html.erb
  Rendering plants/index.html.erb within layouts/application
  [1m[36mPlant Load (0.2ms)[0m  [1m[34mSELECT "plants".* FROM "plants"[0m
  ↳ app/views/plants/index.html.erb:6
  Rendered plants/_plant.html.erb (Duration: 0.1ms | Allocations: 19)
  Rendered plants/_plant.html.erb (Duration: 0.2ms | Allocations: 18)
  Rendered plants/index.html.erb within layouts/application (Duration: 4.2ms | Allocations: 1018)
  Rendered layout layouts/application.html.erb (Duration: 8.9ms | Allocations: 3836)
Completed 200 OK in 10ms (Views: 9.5ms | ActiveRecord: 0.2ms | Allocations: 4105)


Started GET "/plants" for ::1 at 2023-05-03 15:51:11 +0300
Processing by PlantsController#index as HTML
  Rendering layout layouts/application.html.erb
  Rendering plants/index.html.erb within layouts/application
  [1m[36mPlant Load (0.1ms)[0m  [1m[34mSELECT "plants".* FROM "plants"[0m
  ↳ app/views/plants/index.html.erb:5
  Rendered plants/_plant.html.erb (Duration: 0.6ms | Allocations: 179)
  Rendered plants/_plant.html.erb (Duration: 0.1ms | Allocations: 18)
  Rendered plants/index.html.erb within layouts/application (Duration: 4.4ms | Allocations: 1532)
  Rendered layout layouts/application.html.erb (Duration: 10.1ms | Allocations: 4653)
Completed 200 OK in 14ms (Views: 12.1ms | ActiveRecord: 0.1ms | Allocations: 5429)


Started GET "/plants" for ::1 at 2023-05-03 15:52:46 +0300
Processing by PlantsController#index as HTML
  Rendering layout layouts/application.html.erb
  Rendering plants/index.html.erb within layouts/application
  [1m[36mPlant Load (0.1ms)[0m  [1m[34mSELECT "plants".* FROM "plants"[0m
  ↳ app/views/plants/index.html.erb:6
  Rendered plants/_plant.html.erb (Duration: 0.8ms | Allocations: 179)
  Rendered plants/_plant.html.erb (Duration: 0.1ms | Allocations: 18)
  Rendered plants/index.html.erb within layouts/application (Duration: 6.3ms | Allocations: 1553)
  Rendered layout layouts/application.html.erb (Duration: 10.7ms | Allocations: 4672)
Completed 200 OK in 14ms (Views: 13.0ms | ActiveRecord: 0.1ms | Allocations: 5448)


Started GET "/plants" for ::1 at 2023-05-03 15:53:12 +0300
Processing by PlantsController#index as HTML
  Rendering layout layouts/application.html.erb
  Rendering plants/index.html.erb within layouts/application
  [1m[36mPlant Load (0.2ms)[0m  [1m[34mSELECT "plants".* FROM "plants"[0m
  ↳ app/views/plants/index.html.erb:6
  Rendered plants/_plant.html.erb (Duration: 0.7ms | Allocations: 179)
  Rendered plants/_plant.html.erb (Duration: 0.1ms | Allocations: 18)
  Rendered plants/index.html.erb within layouts/application (Duration: 5.4ms | Allocations: 1538)
  Rendered layout layouts/application.html.erb (Duration: 10.7ms | Allocations: 4635)
Completed 200 OK in 15ms (Views: 13.1ms | ActiveRecord: 0.2ms | Allocations: 5411)


Started GET "/plants" for ::1 at 2023-05-03 15:53:34 +0300
Processing by PlantsController#index as HTML
  Rendering layout layouts/application.html.erb
  Rendering plants/index.html.erb within layouts/application
  [1m[36mPlant Load (0.1ms)[0m  [1m[34mSELECT "plants".* FROM "plants"[0m
  ↳ app/views/plants/index.html.erb:6
  Rendered plants/_plant.html.erb (Duration: 0.6ms | Allocations: 179)
  Rendered plants/_plant.html.erb (Duration: 0.1ms | Allocations: 18)
  Rendered plants/index.html.erb within layouts/application (Duration: 4.0ms | Allocations: 1537)
  Rendered layout layouts/application.html.erb (Duration: 9.6ms | Allocations: 4633)
Completed 200 OK in 13ms (Views: 11.5ms | ActiveRecord: 0.1ms | Allocations: 5409)


Started GET "/plants" for ::1 at 2023-05-03 15:54:22 +0300
Processing by PlantsController#index as HTML
  Rendering layout layouts/application.html.erb
  Rendering plants/index.html.erb within layouts/application
  [1m[36mPlant Load (0.1ms)[0m  [1m[34mSELECT "plants".* FROM "plants"[0m
  ↳ app/views/plants/index.html.erb:6
  Rendered plants/_plant.html.erb (Duration: 0.5ms | Allocations: 179)
  Rendered plants/_plant.html.erb (Duration: 0.1ms | Allocations: 18)
  Rendered plants/index.html.erb within layouts/application (Duration: 3.4ms | Allocations: 1567)
  Rendered layout layouts/application.html.erb (Duration: 8.7ms | Allocations: 4663)
Completed 200 OK in 13ms (Views: 10.5ms | ActiveRecord: 0.1ms | Allocations: 5439)


Started GET "/plants" for ::1 at 2023-05-03 15:54:50 +0300
Processing by PlantsController#index as HTML
  Rendering layout layouts/application.html.erb
  Rendering plants/index.html.erb within layouts/application
  [1m[36mPlant Load (0.1ms)[0m  [1m[34mSELECT "plants".* FROM "plants"[0m
  ↳ app/views/plants/index.html.erb:6
  Rendered plants/_plant.html.erb (Duration: 0.8ms | Allocations: 179)
  Rendered plants/_plant.html.erb (Duration: 0.1ms | Allocations: 18)
  Rendered plants/index.html.erb within layouts/application (Duration: 5.2ms | Allocations: 1553)
  Rendered layout layouts/application.html.erb (Duration: 9.9ms | Allocations: 4649)
Completed 200 OK in 15ms (Views: 13.0ms | ActiveRecord: 0.1ms | Allocations: 5425)


Started GET "/plants" for ::1 at 2023-05-03 15:54:56 +0300
Processing by PlantsController#index as HTML
  Rendering layout layouts/application.html.erb
  Rendering plants/index.html.erb within layouts/application
  [1m[36mPlant Load (0.1ms)[0m  [1m[34mSELECT "plants".* FROM "plants"[0m
  ↳ app/views/plants/index.html.erb:6
  Rendered plants/_plant.html.erb (Duration: 0.7ms | Allocations: 179)
  Rendered plants/_plant.html.erb (Duration: 0.1ms | Allocations: 18)
  Rendered plants/index.html.erb within layouts/application (Duration: 4.9ms | Allocations: 1549)
  Rendered layout layouts/application.html.erb (Duration: 9.9ms | Allocations: 4645)
Completed 200 OK in 12ms (Views: 11.4ms | ActiveRecord: 0.1ms | Allocations: 5421)


Started GET "/plants" for ::1 at 2023-05-03 16:01:37 +0300
Processing by PlantsController#index as HTML
  Rendering layout layouts/application.html.erb
  Rendering plants/index.html.erb within layouts/application
  [1m[36mPlant Load (0.1ms)[0m  [1m[34mSELECT "plants".* FROM "plants"[0m
  ↳ app/views/plants/index.html.erb:6
  Rendered plants/_plant.html.erb (Duration: 0.8ms | Allocations: 179)
  Rendered plants/_plant.html.erb (Duration: 0.1ms | Allocations: 18)
  Rendered plants/index.html.erb within layouts/application (Duration: 4.6ms | Allocations: 1696)
  Rendered layout layouts/application.html.erb (Duration: 9.2ms | Allocations: 4792)
Completed 200 OK in 13ms (Views: 11.4ms | ActiveRecord: 0.4ms | Allocations: 5568)


Started GET "/plants/1" for ::1 at 2023-05-03 16:01:40 +0300
Processing by PlantsController#show as HTML
  Parameters: {"id"=>"1"}
  [1m[36mPlant Load (0.3ms)[0m  [1m[34mSELECT "plants".* FROM "plants" WHERE "plants"."id" = ? LIMIT ?[0m  [["id", 1], ["LIMIT", 1]]
  ↳ app/controllers/plants_controller.rb:63:in `set_plant'
  Rendering layout layouts/application.html.erb
  Rendering plants/show.html.erb within layouts/application
  Rendered plants/_plant.html.erb (Duration: 0.1ms | Allocations: 19)
  Rendered plants/show.html.erb within layouts/application (Duration: 2.4ms | Allocations: 797)
  Rendered layout layouts/application.html.erb (Duration: 7.3ms | Allocations: 3607)
Completed 200 OK in 11ms (Views: 8.2ms | ActiveRecord: 0.3ms | Allocations: 4451)


Started GET "/plants/1" for ::1 at 2023-05-03 16:02:13 +0300
Processing by PlantsController#show as HTML
  Parameters: {"id"=>"1"}
  [1m[36mPlant Load (0.2ms)[0m  [1m[34mSELECT "plants".* FROM "plants" WHERE "plants"."id" = ? LIMIT ?[0m  [["id", 1], ["LIMIT", 1]]
  ↳ app/controllers/plants_controller.rb:63:in `set_plant'
  Rendering layout layouts/application.html.erb
  Rendering plants/show.html.erb within layouts/application
  Rendered plants/_plant.html.erb (Duration: 0.7ms | Allocations: 179)
  Rendered plants/show.html.erb within layouts/application (Duration: 2.9ms | Allocations: 1083)
  Rendered layout layouts/application.html.erb (Duration: 7.6ms | Allocations: 4193)
Completed 200 OK in 16ms (Views: 9.4ms | ActiveRecord: 0.2ms | Allocations: 5439)


Started GET "/plants/1" for ::1 at 2023-05-03 16:02:15 +0300
Processing by PlantsController#show as HTML
  Parameters: {"id"=>"1"}
  [1m[36mPlant Load (0.3ms)[0m  [1m[34mSELECT "plants".* FROM "plants" WHERE "plants"."id" = ? LIMIT ?[0m  [["id", 1], ["LIMIT", 1]]
  ↳ app/controllers/plants_controller.rb:63:in `set_plant'
  Rendering layout layouts/application.html.erb
  Rendering plants/show.html.erb within layouts/application
  Rendered plants/_plant.html.erb (Duration: 0.1ms | Allocations: 19)
  Rendered plants/show.html.erb within layouts/application (Duration: 2.3ms | Allocations: 589)
  Rendered layout layouts/application.html.erb (Duration: 7.6ms | Allocations: 3422)
Completed 200 OK in 12ms (Views: 8.4ms | ActiveRecord: 0.3ms | Allocations: 4163)


Started GET "/plants/1" for ::1 at 2023-05-03 16:04:57 +0300
Processing by PlantsController#show as HTML
  Parameters: {"id"=>"1"}
  [1m[36mPlant Load (0.2ms)[0m  [1m[34mSELECT "plants".* FROM "plants" WHERE "plants"."id" = ? LIMIT ?[0m  [["id", 1], ["LIMIT", 1]]
  ↳ app/controllers/plants_controller.rb:63:in `set_plant'
  Rendering layout layouts/application.html.erb
  Rendering plants/show.html.erb within layouts/application
  Rendered plants/_plant.html.erb (Duration: 0.6ms | Allocations: 179)
  Rendered plants/show.html.erb within layouts/application (Duration: 3.4ms | Allocations: 1092)
  Rendered layout layouts/application.html.erb (Duration: 8.5ms | Allocations: 4177)
Completed 200 OK in 14ms (Views: 9.9ms | ActiveRecord: 0.2ms | Allocations: 5422)


Started GET "/plants/1" for ::1 at 2023-05-03 16:05:33 +0300
Processing by PlantsController#show as HTML
  Parameters: {"id"=>"1"}
  [1m[36mPlant Load (0.2ms)[0m  [1m[34mSELECT "plants".* FROM "plants" WHERE "plants"."id" = ? LIMIT ?[0m  [["id", 1], ["LIMIT", 1]]
  ↳ app/controllers/plants_controller.rb:63:in `set_plant'
  Rendering layout layouts/application.html.erb
  Rendering plants/show.html.erb within layouts/application
  Rendered plants/_plant.html.erb (Duration: 0.5ms | Allocations: 179)
  Rendered plants/show.html.erb within layouts/application (Duration: 2.6ms | Allocations: 1083)
  Rendered layout layouts/application.html.erb (Duration: 7.8ms | Allocations: 4166)
Completed 200 OK in 13ms (Views: 9.9ms | ActiveRecord: 0.2ms | Allocations: 5412)


Started GET "/plants/1" for ::1 at 2023-05-03 16:05:41 +0300
Processing by PlantsController#show as HTML
  Parameters: {"id"=>"1"}
  [1m[36mPlant Load (0.2ms)[0m  [1m[34mSELECT "plants".* FROM "plants" WHERE "plants"."id" = ? LIMIT ?[0m  [["id", 1], ["LIMIT", 1]]
  ↳ app/controllers/plants_controller.rb:63:in `set_plant'
  Rendering layout layouts/application.html.erb
  Rendering plants/show.html.erb within layouts/application
  Rendered plants/_plant.html.erb (Duration: 0.7ms | Allocations: 179)
  Rendered plants/show.html.erb within layouts/application (Duration: 2.8ms | Allocations: 1097)
  Rendered layout layouts/application.html.erb (Duration: 8.0ms | Allocations: 4180)
Completed 200 OK in 14ms (Views: 10.1ms | ActiveRecord: 0.2ms | Allocations: 5426)


Started GET "/plants/1" for ::1 at 2023-05-03 16:06:05 +0300
Processing by PlantsController#show as HTML
  Parameters: {"id"=>"1"}
  [1m[36mPlant Load (0.1ms)[0m  [1m[34mSELECT "plants".* FROM "plants" WHERE "plants"."id" = ? LIMIT ?[0m  [["id", 1], ["LIMIT", 1]]
  ↳ app/controllers/plants_controller.rb:63:in `set_plant'
  Rendering layout layouts/application.html.erb
  Rendering plants/show.html.erb within layouts/application
  Rendered plants/_plant.html.erb (Duration: 0.7ms | Allocations: 179)
  Rendered plants/show.html.erb within layouts/application (Duration: 3.2ms | Allocations: 1101)
  Rendered layout layouts/application.html.erb (Duration: 7.9ms | Allocations: 4184)
Completed 200 OK in 12ms (Views: 9.8ms | ActiveRecord: 0.1ms | Allocations: 5430)


Started GET "/plants/1" for ::1 at 2023-05-03 16:06:30 +0300
Processing by PlantsController#show as HTML
  Parameters: {"id"=>"1"}
  [1m[36mPlant Load (0.2ms)[0m  [1m[34mSELECT "plants".* FROM "plants" WHERE "plants"."id" = ? LIMIT ?[0m  [["id", 1], ["LIMIT", 1]]
  ↳ app/controllers/plants_controller.rb:63:in `set_plant'
  Rendering layout layouts/application.html.erb
  Rendering plants/show.html.erb within layouts/application
  Rendered plants/_plant.html.erb (Duration: 0.6ms | Allocations: 179)
  Rendered plants/show.html.erb within layouts/application (Duration: 3.5ms | Allocations: 1104)
  Rendered layout layouts/application.html.erb (Duration: 8.6ms | Allocations: 4187)
Completed 200 OK in 14ms (Views: 11.2ms | ActiveRecord: 0.2ms | Allocations: 5433)


Started GET "/plants/1" for ::1 at 2023-05-03 16:06:50 +0300
Processing by PlantsController#show as HTML
  Parameters: {"id"=>"1"}
  [1m[36mPlant Load (0.1ms)[0m  [1m[34mSELECT "plants".* FROM "plants" WHERE "plants"."id" = ? LIMIT ?[0m  [["id", 1], ["LIMIT", 1]]
  ↳ app/controllers/plants_controller.rb:63:in `set_plant'
  Rendering layout layouts/application.html.erb
  Rendering plants/show.html.erb within layouts/application
  Rendered plants/_plant.html.erb (Duration: 0.6ms | Allocations: 179)
  Rendered plants/show.html.erb within layouts/application (Duration: 2.9ms | Allocations: 1092)
  Rendered layout layouts/application.html.erb (Duration: 8.0ms | Allocations: 4175)
Completed 200 OK in 14ms (Views: 10.1ms | ActiveRecord: 0.1ms | Allocations: 5421)


Started GET "/plants/1" for ::1 at 2023-05-03 16:06:57 +0300
Processing by PlantsController#show as HTML
  Parameters: {"id"=>"1"}
  [1m[36mPlant Load (0.1ms)[0m  [1m[34mSELECT "plants".* FROM "plants" WHERE "plants"."id" = ? LIMIT ?[0m  [["id", 1], ["LIMIT", 1]]
  ↳ app/controllers/plants_controller.rb:63:in `set_plant'
  Rendering layout layouts/application.html.erb
  Rendering plants/show.html.erb within layouts/application
  Rendered plants/_plant.html.erb (Duration: 0.5ms | Allocations: 179)
  Rendered plants/show.html.erb within layouts/application (Duration: 2.6ms | Allocations: 1080)
  Rendered layout layouts/application.html.erb (Duration: 7.6ms | Allocations: 4163)
Completed 200 OK in 13ms (Views: 9.8ms | ActiveRecord: 0.1ms | Allocations: 5409)


Started GET "/plants/1" for ::1 at 2023-05-03 16:08:17 +0300
Processing by PlantsController#show as HTML
  Parameters: {"id"=>"1"}
  [1m[36mPlant Load (0.2ms)[0m  [1m[34mSELECT "plants".* FROM "plants" WHERE "plants"."id" = ? LIMIT ?[0m  [["id", 1], ["LIMIT", 1]]
  ↳ app/controllers/plants_controller.rb:63:in `set_plant'
  Rendering layout layouts/application.html.erb
  Rendering plants/show.html.erb within layouts/application
  Rendered plants/_plant.html.erb (Duration: 0.6ms | Allocations: 179)
  Rendered plants/show.html.erb within layouts/application (Duration: 2.8ms | Allocations: 1092)
  Rendered layout layouts/application.html.erb (Duration: 7.3ms | Allocations: 4175)
Completed 200 OK in 12ms (Views: 9.2ms | ActiveRecord: 0.2ms | Allocations: 5421)


Started GET "/plants/1" for ::1 at 2023-05-03 16:08:19 +0300
Processing by PlantsController#show as HTML
  Parameters: {"id"=>"1"}
  [1m[36mPlant Load (0.2ms)[0m  [1m[34mSELECT "plants".* FROM "plants" WHERE "plants"."id" = ? LIMIT ?[0m  [["id", 1], ["LIMIT", 1]]
  ↳ app/controllers/plants_controller.rb:63:in `set_plant'
  Rendering layout layouts/application.html.erb
  Rendering plants/show.html.erb within layouts/application
  Rendered plants/_plant.html.erb (Duration: 0.2ms | Allocations: 19)
  Rendered plants/show.html.erb within layouts/application (Duration: 2.2ms | Allocations: 583)
  Rendered layout layouts/application.html.erb (Duration: 9.3ms | Allocations: 3417)
Completed 200 OK in 13ms (Views: 10.4ms | ActiveRecord: 0.2ms | Allocations: 4158)


Started GET "/plants/1" for ::1 at 2023-05-03 16:08:31 +0300
Processing by PlantsController#show as HTML
  Parameters: {"id"=>"1"}
  [1m[36mPlant Load (0.1ms)[0m  [1m[34mSELECT "plants".* FROM "plants" WHERE "plants"."id" = ? LIMIT ?[0m  [["id", 1], ["LIMIT", 1]]
  ↳ app/controllers/plants_controller.rb:63:in `set_plant'
  Rendering layout layouts/application.html.erb
  Rendering plants/show.html.erb within layouts/application
  Rendered plants/_plant.html.erb (Duration: 1.6ms | Allocations: 179)
  Rendered plants/show.html.erb within layouts/application (Duration: 4.1ms | Allocations: 1082)
  Rendered layout layouts/application.html.erb (Duration: 9.7ms | Allocations: 4189)
Completed 200 OK in 14ms (Views: 11.6ms | ActiveRecord: 0.1ms | Allocations: 5435)


Started GET "/plants/1/edit" for ::1 at 2023-05-03 16:09:08 +0300
Processing by PlantsController#edit as HTML
  Parameters: {"id"=>"1"}
  [1m[36mPlant Load (0.1ms)[0m  [1m[34mSELECT "plants".* FROM "plants" WHERE "plants"."id" = ? LIMIT ?[0m  [["id", 1], ["LIMIT", 1]]
  ↳ app/controllers/plants_controller.rb:63:in `set_plant'
  Rendering layout layouts/application.html.erb
  Rendering plants/edit.html.erb within layouts/application
  Rendered plants/_form.html.erb (Duration: 3.2ms | Allocations: 1483)
  Rendered plants/edit.html.erb within layouts/application (Duration: 4.7ms | Allocations: 1728)
  Rendered layout layouts/application.html.erb (Duration: 10.1ms | Allocations: 4538)
Completed 200 OK in 13ms (Views: 10.7ms | ActiveRecord: 0.1ms | Allocations: 5333)


Started GET "/plants" for ::1 at 2023-05-03 16:09:11 +0300
Processing by PlantsController#index as HTML
  Rendering layout layouts/application.html.erb
  Rendering plants/index.html.erb within layouts/application
  [1m[36mPlant Load (0.2ms)[0m  [1m[34mSELECT "plants".* FROM "plants"[0m
  ↳ app/views/plants/index.html.erb:6
  Rendered plants/_plant.html.erb (Duration: 0.1ms | Allocations: 19)
  Rendered plants/_plant.html.erb (Duration: 0.1ms | Allocations: 18)
  Rendered plants/index.html.erb within layouts/application (Duration: 4.3ms | Allocations: 1295)
  Rendered layout layouts/application.html.erb (Duration: 9.7ms | Allocations: 4114)
Completed 200 OK in 11ms (Views: 10.2ms | ActiveRecord: 0.2ms | Allocations: 4463)


Started GET "/plants/1" for ::1 at 2023-05-03 16:09:13 +0300
Processing by PlantsController#show as HTML
  Parameters: {"id"=>"1"}
  [1m[36mPlant Load (0.2ms)[0m  [1m[34mSELECT "plants".* FROM "plants" WHERE "plants"."id" = ? LIMIT ?[0m  [["id", 1], ["LIMIT", 1]]
  ↳ app/controllers/plants_controller.rb:63:in `set_plant'
  Rendering layout layouts/application.html.erb
  Rendering plants/show.html.erb within layouts/application
  Rendered plants/_plant.html.erb (Duration: 0.1ms | Allocations: 19)
  Rendered plants/show.html.erb within layouts/application (Duration: 1.4ms | Allocations: 583)
  Rendered layout layouts/application.html.erb (Duration: 7.3ms | Allocations: 3393)
Completed 200 OK in 12ms (Views: 8.6ms | ActiveRecord: 0.2ms | Allocations: 4132)


Started GET "/plants/1" for ::1 at 2023-05-03 17:01:47 +0300
  [1m[36mActiveRecord::SchemaMigration Pluck (0.2ms)[0m  [1m[34mSELECT "schema_migrations"."version" FROM "schema_migrations" ORDER BY "schema_migrations"."version" ASC[0m
Processing by PlantsController#show as HTML
  Parameters: {"id"=>"1"}
  [1m[36mPlant Load (0.3ms)[0m  [1m[34mSELECT "plants".* FROM "plants" WHERE "plants"."id" = ? LIMIT ?[0m  [["id", 1], ["LIMIT", 1]]
  ↳ app/controllers/plants_controller.rb:63:in `set_plant'
  Rendering layout layouts/application.html.erb
  Rendering plants/show.html.erb within layouts/application
  Rendered plants/_plant.html.erb (Duration: 0.6ms | Allocations: 224)
  Rendered plants/show.html.erb within layouts/application (Duration: 9.0ms | Allocations: 1947)
  Rendered layout layouts/application.html.erb (Duration: 81.3ms | Allocations: 38329)
Completed 200 OK in 108ms (Views: 84.2ms | ActiveRecord: 1.1ms | Allocations: 48839)


Started GET "/plants/1/edit" for ::1 at 2023-05-03 17:01:52 +0300
Processing by PlantsController#edit as HTML
  Parameters: {"id"=>"1"}
  [1m[36mPlant Load (0.1ms)[0m  [1m[34mSELECT "plants".* FROM "plants" WHERE "plants"."id" = ? LIMIT ?[0m  [["id", 1], ["LIMIT", 1]]
  ↳ app/controllers/plants_controller.rb:63:in `set_plant'
  Rendering layout layouts/application.html.erb
  Rendering plants/edit.html.erb within layouts/application
  Rendered plants/_form.html.erb (Duration: 12.3ms | Allocations: 3160)
  Rendered plants/edit.html.erb within layouts/application (Duration: 13.8ms | Allocations: 3417)
  Rendered layout layouts/application.html.erb (Duration: 19.1ms | Allocations: 6228)
Completed 200 OK in 22ms (Views: 19.8ms | ActiveRecord: 0.1ms | Allocations: 7040)


Started GET "/plants" for ::1 at 2023-05-03 17:01:53 +0300
Processing by PlantsController#index as HTML
  Rendering layout layouts/application.html.erb
  Rendering plants/index.html.erb within layouts/application
  [1m[36mPlant Load (0.2ms)[0m  [1m[34mSELECT "plants".* FROM "plants"[0m
  ↳ app/views/plants/index.html.erb:6
  Rendered plants/_plant.html.erb (Duration: 0.1ms | Allocations: 19)
  Rendered plants/_plant.html.erb (Duration: 0.1ms | Allocations: 18)
  Rendered plants/index.html.erb within layouts/application (Duration: 5.4ms | Allocations: 1382)
  Rendered layout layouts/application.html.erb (Duration: 10.1ms | Allocations: 4201)
Completed 200 OK in 12ms (Views: 10.6ms | ActiveRecord: 0.2ms | Allocations: 4561)


Started GET "/plants/new" for ::1 at 2023-05-03 17:01:55 +0300
Processing by PlantsController#new as HTML
  Rendering layout layouts/application.html.erb
  Rendering plants/new.html.erb within layouts/application
  Rendered plants/_form.html.erb (Duration: 2.7ms | Allocations: 1025)
  Rendered plants/new.html.erb within layouts/application (Duration: 4.1ms | Allocations: 1215)
  Rendered layout layouts/application.html.erb (Duration: 10.1ms | Allocations: 4034)
Completed 200 OK in 12ms (Views: 10.9ms | ActiveRecord: 0.0ms | Allocations: 4398)


Started GET "/plants" for ::1 at 2023-05-03 17:01:57 +0300
Processing by PlantsController#index as HTML
  Rendering layout layouts/application.html.erb
  Rendering plants/index.html.erb within layouts/application
  [1m[36mPlant Load (0.2ms)[0m  [1m[34mSELECT "plants".* FROM "plants"[0m
  ↳ app/views/plants/index.html.erb:6
  Rendered plants/_plant.html.erb (Duration: 0.1ms | Allocations: 19)
  Rendered plants/_plant.html.erb (Duration: 0.1ms | Allocations: 18)
  Rendered plants/index.html.erb within layouts/application (Duration: 3.7ms | Allocations: 1059)
  Rendered layout layouts/application.html.erb (Duration: 9.1ms | Allocations: 3878)
Completed 200 OK in 10ms (Views: 9.6ms | ActiveRecord: 0.2ms | Allocations: 4154)


Started GET "/plants/1" for ::1 at 2023-05-03 17:01:58 +0300
Processing by PlantsController#show as HTML
  Parameters: {"id"=>"1"}
  [1m[36mPlant Load (0.1ms)[0m  [1m[34mSELECT "plants".* FROM "plants" WHERE "plants"."id" = ? LIMIT ?[0m  [["id", 1], ["LIMIT", 1]]
  ↳ app/controllers/plants_controller.rb:63:in `set_plant'
  Rendering layout layouts/application.html.erb
  Rendering plants/show.html.erb within layouts/application
  Rendered plants/_plant.html.erb (Duration: 0.1ms | Allocations: 19)
  Rendered plants/show.html.erb within layouts/application (Duration: 1.6ms | Allocations: 589)
  Rendered layout layouts/application.html.erb (Duration: 6.1ms | Allocations: 3399)
Completed 200 OK in 9ms (Views: 6.7ms | ActiveRecord: 0.1ms | Allocations: 4138)


Started GET "/plants" for ::1 at 2023-05-03 17:02:00 +0300
Processing by PlantsController#index as HTML
  Rendering layout layouts/application.html.erb
  Rendering plants/index.html.erb within layouts/application
  [1m[36mPlant Load (0.2ms)[0m  [1m[34mSELECT "plants".* FROM "plants"[0m
  ↳ app/views/plants/index.html.erb:6
  Rendered plants/_plant.html.erb (Duration: 0.1ms | Allocations: 19)
  Rendered plants/_plant.html.erb (Duration: 0.1ms | Allocations: 18)
  Rendered plants/index.html.erb within layouts/application (Duration: 4.1ms | Allocations: 1072)
  Rendered layout layouts/application.html.erb (Duration: 8.8ms | Allocations: 3890)
Completed 200 OK in 10ms (Views: 9.3ms | ActiveRecord: 0.2ms | Allocations: 4159)


Started GET "/" for ::1 at 2023-05-03 17:20:52 +0300
  [1m[36mActiveRecord::SchemaMigration Pluck (0.3ms)[0m  [1m[34mSELECT "schema_migrations"."version" FROM "schema_migrations" ORDER BY "schema_migrations"."version" ASC[0m
Processing by Rails::WelcomeController#index as HTML
  Rendering /home/oem/.rvm/gems/ruby-3.2.2/gems/railties-7.0.4.3/lib/rails/templates/rails/welcome/index.html.erb
  Rendered /home/oem/.rvm/gems/ruby-3.2.2/gems/railties-7.0.4.3/lib/rails/templates/rails/welcome/index.html.erb (Duration: 20.8ms | Allocations: 489)
Completed 200 OK in 127ms (Views: 55.8ms | ActiveRecord: 0.0ms | Allocations: 3472)


Started GET "/plants" for ::1 at 2023-05-03 17:21:03 +0300
Processing by PlantsController#index as HTML
  Rendering layout layouts/application.html.erb
  Rendering plants/index.html.erb within layouts/application
  [1m[36mPlant Load (16.1ms)[0m  [1m[34mSELECT "plants".* FROM "plants"[0m
  ↳ app/views/plants/index.html.erb:6
  Rendered plants/_plant.html.erb (Duration: 18.6ms | Allocations: 212)
  Rendered plants/_plant.html.erb (Duration: 0.1ms | Allocations: 18)
  Rendered plants/index.html.erb within layouts/application (Duration: 103.3ms | Allocations: 6306)
  Rendered layout layouts/application.html.erb (Duration: 282.7ms | Allocations: 42727)
Completed 200 OK in 288ms (Views: 267.3ms | ActiveRecord: 17.2ms | Allocations: 44379)


Started GET "/plants/1" for ::1 at 2023-05-03 17:21:07 +0300
Processing by PlantsController#show as HTML
  Parameters: {"id"=>"1"}
  [1m[36mPlant Load (0.3ms)[0m  [1m[34mSELECT "plants".* FROM "plants" WHERE "plants"."id" = ? LIMIT ?[0m  [["id", 1], ["LIMIT", 1]]
  ↳ app/controllers/plants_controller.rb:63:in `set_plant'
  Rendering layout layouts/application.html.erb
  Rendering plants/show.html.erb within layouts/application
  Rendered plants/_plant.html.erb (Duration: 0.1ms | Allocations: 19)
  Rendered plants/show.html.erb within layouts/application (Duration: 2.7ms | Allocations: 890)
  Rendered layout layouts/application.html.erb (Duration: 8.0ms | Allocations: 3774)
Completed 200 OK in 43ms (Views: 8.6ms | ActiveRecord: 0.3ms | Allocations: 6421)


Started GET "/plants/1" for ::1 at 2023-05-03 17:21:52 +0300
Processing by PlantsController#show as HTML
  Parameters: {"id"=>"1"}
  [1m[36mPlant Load (0.2ms)[0m  [1m[34mSELECT "plants".* FROM "plants" WHERE "plants"."id" = ? LIMIT ?[0m  [["id", 1], ["LIMIT", 1]]
  ↳ app/controllers/plants_controller.rb:63:in `set_plant'
  Rendering layout layouts/application.html.erb
  Rendering plants/show.html.erb within layouts/application
  Rendered plants/_plant.html.erb (Duration: 0.6ms | Allocations: 179)
  Rendered plants/show.html.erb within layouts/application (Duration: 2.4ms | Allocations: 1078)
  Rendered layout layouts/application.html.erb (Duration: 7.7ms | Allocations: 4189)
Completed 200 OK in 13ms (Views: 9.2ms | ActiveRecord: 0.2ms | Allocations: 5437)


